Base path: 'F:/install/2021.3.5f1c1/Editor/Data', plugins path 'F:/install/2021.3.5f1c1/Editor/Data/PlaybackEngines'
Cmd: initializeCompiler

Cmd: disassembleShader
 name=Legacy Shaders/Particles/Additive platform=d3d11 type=17 mask=6 insize=862 outsize=1748 ok=1

Cmd: disassembleShader
 name=Standard platform=d3d11 type=15 mask=6 insize=1926 outsize=3310 ok=1

Cmd: disassembleShader
 name=Standard platform=d3d11 type=15 mask=6 insize=1670 outsize=2982 ok=1

Cmd: disassembleShader
 name=Standard platform=d3d11 type=15 mask=6 insize=2146 outsize=3657 ok=1

Cmd: disassembleShader
 name=Standard platform=d3d11 type=15 mask=6 insize=1778 outsize=3138 ok=1

Cmd: disassembleShader
 name=Standard platform=d3d11 type=17 mask=6 insize=6162 outsize=8715 ok=1

Cmd: disassembleShader
 name=Standard platform=d3d11 type=17 mask=6 insize=6546 outsize=9258 ok=1

Cmd: disassembleShader
 name=Standard platform=d3d11 type=15 mask=6 insize=1950 outsize=3410 ok=1

Cmd: disassembleShader
 name=Standard platform=d3d11 type=15 mask=6 insize=1950 outsize=3410 ok=1

Cmd: disassembleShader
 name=Standard platform=d3d11 type=17 mask=6 insize=3670 outsize=5392 ok=1

Cmd: disassembleShader
 name=Standard platform=d3d11 type=17 mask=6 insize=5086 outsize=7262 ok=1

Cmd: disassembleShader
 name=Standard platform=d3d11 type=17 mask=6 insize=634 outsize=1385 ok=1

Cmd: disassembleShader
 name=Standard platform=d3d11 type=15 mask=6 insize=1582 outsize=2835 ok=1

Cmd: disassembleShader
 name=Standard platform=d3d11 type=17 mask=6 insize=1682 outsize=3185 ok=1

Cmd: disassembleShader
 name=Standard platform=d3d11 type=17 mask=6 insize=1154 outsize=2422 ok=1

Cmd: disassembleShader
 name=Standard platform=d3d11 type=15 mask=6 insize=1778 outsize=3138 ok=1

Cmd: disassembleShader
 name=Standard platform=d3d11 type=17 mask=6 insize=2934 outsize=4831 ok=1

Cmd: disassembleShader
 name=Standard platform=d3d11 type=17 mask=6 insize=7222 outsize=10185 ok=1

Cmd: disassembleShader
 name=Standard platform=d3d11 type=15 mask=6 insize=2102 outsize=3593 ok=1

Cmd: disassembleShader
 name=Standard platform=d3d11 type=17 mask=6 insize=2270 outsize=3889 ok=1

Cmd: disassembleShader
 name=Standard platform=d3d11 type=15 mask=6 insize=1566 outsize=2485 ok=1

Cmd: shutdown

Quitting shader compiler process
